<?xml version="1.0" encoding="UTF-8"?>
<testsuite name="com.test.service.MemberServiceTest" tests="4" skipped="0" failures="0" errors="0" timestamp="2021-03-24T11:54:07" hostname="DESKTOP-7EROAJ0" time="0.087">
  <properties/>
  <testcase name="findOne()" classname="com.test.service.MemberServiceTest" time="0.021"/>
  <testcase name="duplicate_user()" classname="com.test.service.MemberServiceTest" time="0.06"/>
  <testcase name="join()" classname="com.test.service.MemberServiceTest" time="0.002"/>
  <testcase name="findMembers()" classname="com.test.service.MemberServiceTest" time="0.002"/>
  <system-out><![CDATA[]]></system-out>
  <system-err><![CDATA[]]></system-err>
</testsuite>
